#
# There is insufficient memory for the Java Runtime Environment to continue.
# Native memory allocation (mmap) failed to map 528482304 bytes for G1 virtual space
# Possible reasons:
#   The system is out of physical RAM or swap space
#   The process is running with CompressedOops enabled, and the Java Heap may be blocking the growth of the native heap
# Possible solutions:
#   Reduce memory load on the system
#   Increase physical memory or swap space
#   Check if swap backing store is full
#   Decrease Java heap size (-Xmx/-Xms)
#   Decrease number of Java threads
#   Decrease Java thread stack sizes (-Xss)
#   Set larger code cache with -XX:ReservedCodeCacheSize=
#   JVM is running with Zero Based Compressed Oops mode in which the Java heap is
#     placed in the first 32GB address space. The Java Heap base address is the
#     maximum limit for the native heap growth. Please use -XX:HeapBaseMinAddress
#     to set the Java Heap base and to place the Java Heap above 32GB virtual address.
# This output file may be truncated or incomplete.
#
#  Out of Memory Error (os_windows.cpp:3603), pid=51140, tid=50484
#
# JRE version:  (21.0.7+8) (build )
# Java VM: Java HotSpot(TM) 64-Bit Server VM (21.0.7+8-LTS-245, mixed mode, sharing, tiered, compressed oops, compressed class ptrs, g1 gc, windows-amd64)
# No core dump will be written. Minidumps are not enabled by default on client versions of Windows
#

---------------  S U M M A R Y ------------

Command Line: -Dfile.encoding=UTF-8 -Dstdout.encoding=UTF-8 -Dstderr.encoding=UTF-8 --module-path=C:\Users\6thet\git\sc2002-oop\sc2002OOP\bin -XX:+ShowCodeDetailsInExceptionMessages -Djdk.module.main=sc2002OOP sc2002OOP/sc2002OOP.main.Main

Host: Intel(R) Core(TM) Ultra 7 155H, 22 cores, 31G,  Windows 11 , 64 bit Build 26100 (10.0.26100.6725)
Time: Fri Oct 31 04:23:45 2025 Malay Peninsula Standard Time elapsed time: 2.049978 seconds (0d 0h 0m 2s)

---------------  T H R E A D  ---------------

Current thread (0x000001d2998d9970):  JavaThread "Unknown thread" [_thread_in_vm, id=50484, stack(0x00000015ad800000,0x00000015ad900000) (1024K)]

Stack: [0x00000015ad800000,0x00000015ad900000]
Native frames: (J=compiled Java code, j=interpreted, Vv=VM code, C=native code)
V  [jvm.dll+0x6cae19]
V  [jvm.dll+0x855741]
V  [jvm.dll+0x857c6e]
V  [jvm.dll+0x858343]
V  [jvm.dll+0x27e0b6]
V  [jvm.dll+0x6c7595]
V  [jvm.dll+0x6bc0fa]
V  [jvm.dll+0x353eaa]
V  [jvm.dll+0x35bb26]
V  [jvm.dll+0x3ae52e]
V  [jvm.dll+0x3ae7d8]
V  [jvm.dll+0x3281bc]
V  [jvm.dll+0x328d1b]
V  [jvm.dll+0x81eaf9]
V  [jvm.dll+0x3bb211]
V  [jvm.dll+0x807d78]
V  [jvm.dll+0x4503ee]
V  [jvm.dll+0x451fe1]
C  [jli.dll+0x52a3]
C  [ucrtbase.dll+0x37b0]
C  [KERNEL32.DLL+0x2e8d7]
C  [ntdll.dll+0x8c53c]


---------------  P R O C E S S  ---------------

Threads class SMR info:
_java_thread_list=0x00007ff9685fcc48, length=0, elements={
}

Java Threads: ( => current thread )
Total: 0

Other Threads:
  0x000001d29997b110 WorkerThread "GC Thread#0"                     [id=26552, stack(0x00000015ad900000,0x00000015ada00000) (1024K)]
  0x000001d29998bbf0 ConcurrentGCThread "G1 Main Marker"            [id=49884, stack(0x00000015ada00000,0x00000015adb00000) (1024K)]
  0x000001d29998e920 WorkerThread "G1 Conc#0"                       [id=51736, stack(0x00000015adb00000,0x00000015adc00000) (1024K)]

[error occurred during error reporting (printing all threads), id 0xc0000005, EXCEPTION_ACCESS_VIOLATION (0xc0000005) at pc=0x00007ff967d6a947]
VM state: not at safepoint (not fully initialized)

VM Mutex/Monitor currently owned by a thread:  ([mutex/lock_event])
[0x00007ff96866df50] Heap_lock - owner thread: 0x000001d2998d9970

Heap address: 0x000000060a000000, size: 8032 MB, Compressed Oops mode: Zero based, Oop shift amount: 3

CDS archive(s) mapped at: [0x0000000000000000-0x0000000000000000-0x0000000000000000), size 0, SharedBaseAddress: 0x0000000800000000, ArchiveRelocationMode: 1.
Narrow klass base: 0x0000000000000000, Narrow klass shift: 0, Narrow klass range: 0x0

GC Precious Log:
 CardTable entry size: 512
 Card Set container configuration: InlinePtr #cards 4 size 8 Array Of Cards #cards 32 size 80 Howl #buckets 8 coarsen threshold 7372 Howl Bitmap #cards 1024 size 144 coarsen threshold 921 Card regions per heap region 1 cards per card region 8192

Heap:
 garbage-first heap   total 0K, used 0K [0x000000060a000000, 0x0000000800000000)
  region size 4096K, 0 young (0K), 0 survivors (0K)

[error occurred during error reporting (printing heap information), id 0xc0000005, EXCEPTION_ACCESS_VIOLATION (0xc0000005) at pc=0x00007ff968153e79]
GC Heap History (0 events):
No events

Dll operation events (1 events):
Event: 0.006 Loaded shared library C:\Program Files\Java\jdk-21\bin\java.dll

Deoptimization events (0 events):
No events

Classes loaded (0 events):
No events

Classes unloaded (0 events):
No events

Classes redefined (0 events):
No events

Internal exceptions (0 events):
No events

ZGC Phase Switch (0 events):
No events

VM Operations (0 events):
No events

Events (0 events):
No events


Dynamic libraries:
0x00007ff60fe30000 - 0x00007ff60fe40000 	C:\Program Files\Java\jdk-21\bin\javaw.exe
0x00007ffa267a0000 - 0x00007ffa26a08000 	C:\WINDOWS\SYSTEM32\ntdll.dll
0x00007ffa25710000 - 0x00007ffa257d9000 	C:\WINDOWS\System32\KERNEL32.DLL
0x00007ffa23cc0000 - 0x00007ffa240b2000 	C:\WINDOWS\System32\KERNELBASE.dll
0x00007ffa23930000 - 0x00007ffa23a7b000 	C:\WINDOWS\System32\ucrtbase.dll
0x00007ffa0dd90000 - 0x00007ffa0ddab000 	C:\Program Files\Java\jdk-21\bin\VCRUNTIME140.dll
0x00007ffa10220000 - 0x00007ffa10239000 	C:\Program Files\Java\jdk-21\bin\jli.dll
0x00007ffa25a30000 - 0x00007ffa25ae4000 	C:\WINDOWS\System32\ADVAPI32.dll
0x00007ffa25440000 - 0x00007ffa254e9000 	C:\WINDOWS\System32\msvcrt.dll
0x00007ffa24c20000 - 0x00007ffa24cc6000 	C:\WINDOWS\System32\sechost.dll
0x00007ffa24f90000 - 0x00007ffa250a8000 	C:\WINDOWS\System32\RPCRT4.dll
0x00007ffa25b10000 - 0x00007ffa25cd5000 	C:\WINDOWS\System32\USER32.dll
0x00007ffa240c0000 - 0x00007ffa240e7000 	C:\WINDOWS\System32\win32u.dll
0x00007ffa25980000 - 0x00007ffa259ab000 	C:\WINDOWS\System32\GDI32.dll
0x00007ffa24230000 - 0x00007ffa2435d000 	C:\WINDOWS\System32\gdi32full.dll
0x00007ffa24180000 - 0x00007ffa24223000 	C:\WINDOWS\System32\msvcp_win.dll
0x00007ffa08b00000 - 0x00007ffa08d93000 	C:\WINDOWS\WinSxS\amd64_microsoft.windows.common-controls_6595b64144ccf1df_6.0.26100.6899_none_3e0efeeae32e88c1\COMCTL32.dll
0x00007ffa09a10000 - 0x00007ffa09a1b000 	C:\WINDOWS\SYSTEM32\VERSION.dll
0x00007ffa265c0000 - 0x00007ffa265ef000 	C:\WINDOWS\System32\IMM32.DLL
0x00007ffa13a60000 - 0x00007ffa13a6c000 	C:\Program Files\Java\jdk-21\bin\vcruntime140_1.dll
0x00007ff9de0c0000 - 0x00007ff9de14e000 	C:\Program Files\Java\jdk-21\bin\msvcp140.dll
0x00007ff967a30000 - 0x00007ff96874a000 	C:\Program Files\Java\jdk-21\bin\server\jvm.dll
0x00007ffa24710000 - 0x00007ffa24784000 	C:\WINDOWS\System32\WS2_32.dll
0x00007ffa23790000 - 0x00007ffa237ee000 	C:\WINDOWS\SYSTEM32\POWRPROF.dll
0x00007ffa0b240000 - 0x00007ffa0b275000 	C:\WINDOWS\SYSTEM32\WINMM.dll
0x00007ffa23770000 - 0x00007ffa23784000 	C:\WINDOWS\SYSTEM32\UMPDC.dll
0x00007ffa22700000 - 0x00007ffa2271b000 	C:\WINDOWS\SYSTEM32\kernel.appcore.dll
0x00007ffa13a30000 - 0x00007ffa13a3a000 	C:\Program Files\Java\jdk-21\bin\jimage.dll
0x00007ffa21100000 - 0x00007ffa21342000 	C:\WINDOWS\SYSTEM32\DBGHELP.DLL
0x00007ffa250b0000 - 0x00007ffa2542b000 	C:\WINDOWS\System32\combase.dll
0x00007ffa24eb0000 - 0x00007ffa24f87000 	C:\WINDOWS\System32\OLEAUT32.dll
0x00007ffa1fff0000 - 0x00007ffa2002c000 	C:\WINDOWS\SYSTEM32\dbgcore.DLL
0x00007ffa24360000 - 0x00007ffa243f8000 	C:\WINDOWS\System32\bcryptPrimitives.dll
0x00007ffa0db50000 - 0x00007ffa0db6f000 	C:\Program Files\Java\jdk-21\bin\java.dll

dbghelp: loaded successfully - version: 4.0.5 - missing functions: none
symbol engine: initialized successfully - sym options: 0x614 - pdb path: .;C:\Program Files\Java\jdk-21\bin;C:\WINDOWS\SYSTEM32;C:\WINDOWS\WinSxS\amd64_microsoft.windows.common-controls_6595b64144ccf1df_6.0.26100.6899_none_3e0efeeae32e88c1;C:\Program Files\Java\jdk-21\bin\server

VM Arguments:
jvm_args: -Dfile.encoding=UTF-8 -Dstdout.encoding=UTF-8 -Dstderr.encoding=UTF-8 --module-path=C:\Users\6thet\git\sc2002-oop\sc2002OOP\bin -XX:+ShowCodeDetailsInExceptionMessages -Djdk.module.main=sc2002OOP 
java_command: sc2002OOP/sc2002OOP.main.Main
java_class_path (initial): <not set>
Launcher Type: SUN_STANDARD

[Global flags]
     intx CICompilerCount                          = 12                                        {product} {ergonomic}
     uint ConcGCThreads                            = 4                                         {product} {ergonomic}
     uint G1ConcRefinementThreads                  = 16                                        {product} {ergonomic}
   size_t G1HeapRegionSize                         = 4194304                                   {product} {ergonomic}
    uintx GCDrainStackTargetSize                   = 64                                        {product} {ergonomic}
   size_t InitialHeapSize                          = 528482304                                 {product} {ergonomic}
   size_t MarkStackSize                            = 4194304                                   {product} {ergonomic}
   size_t MaxHeapSize                              = 8422162432                                {product} {ergonomic}
   size_t MinHeapDeltaBytes                        = 4194304                                   {product} {ergonomic}
   size_t MinHeapSize                              = 8388608                                   {product} {ergonomic}
    uintx NonNMethodCodeHeapSize                   = 7602480                                {pd product} {ergonomic}
    uintx NonProfiledCodeHeapSize                  = 122027880                              {pd product} {ergonomic}
    uintx ProfiledCodeHeapSize                     = 122027880                              {pd product} {ergonomic}
    uintx ReservedCodeCacheSize                    = 251658240                              {pd product} {ergonomic}
     bool SegmentedCodeCache                       = true                                      {product} {ergonomic}
     bool ShowCodeDetailsInExceptionMessages       = true                                   {manageable} {command line}
   size_t SoftMaxHeapSize                          = 8422162432                             {manageable} {ergonomic}
     bool UseCompressedOops                        = true                           {product lp64_product} {ergonomic}
     bool UseG1GC                                  = true                                      {product} {ergonomic}
     bool UseLargePagesIndividualAllocation        = false                                  {pd product} {ergonomic}

Logging:
Log output configuration:
 #0: stdout all=warning uptime,level,tags foldmultilines=false
 #1: stderr all=off uptime,level,tags foldmultilines=false

Environment Variables:
PATH=C:/Users/6thet/.p2/pool/plugins/org.eclipse.justj.openjdk.hotspot.jre.full.win32.x86_64_21.0.8.v20250724-1412/jre/bin/server;C:/Users/6thet/.p2/pool/plugins/org.eclipse.justj.openjdk.hotspot.jre.full.win32.x86_64_21.0.8.v20250724-1412/jre/bin;C:\Program Files\Common Files\Oracle\Java\javapath;C:\Python313\Scripts\;C:\Python313\;C:\ActiveTcl\bin;C:\WINDOWS\system32;C:\WINDOWS;C:\WINDOWS\System32\Wbem;C:\WINDOWS\System32\WindowsPowerShell\v1.0\;C:\WINDOWS\System32\OpenSSH\;C:\Program Files\MATLAB\R2024b\bin;C:\Program Files\Git\cmd;C:\Program Files\dotnet\;C:\Program Files (x86)\Windows Kits\10\Windows Performance Toolkit\;C:\Program Files\nodejs\;C:\ProgramData\chocolatey\bin;C:\Program Files\WireGuard\;C:\Windows\system32;C:\Windows;C:\Windows\System32\Wbem;C:\Windows\System32\WindowsPowerShell\v1.0\;C:\Windows\System32\OpenSSH\;C:\Program Files\MATLAB\R2024b\bin;C:\Program Files\Git\cmd;C:\Users\6thet\AppData\Local\Programs\Python\Launcher\;C:\Users\6thet\AppData\Local\Microsoft\WindowsApps;C:\Users\6thet\AppData\Local\Programs\Microsoft VS Code\bin;C:\iverilog\bin;C:\iverilog\gtkwave\bin;C:\Python34\Scripts;C:\Users\6thet\AppData\Local\Programs\Python\Python312\Scripts;C:\Users\6thet\.dotnet\tools;C:\Users\6thet\AppData\Local\Microsoft\WindowsApps;%JAVA_HOME%\bin;C:\Users\6thet\AppData\Roaming\npm;C:\Program Files\nodejs;;C:\WINDOWS\System32;
USERNAME=6thet
OS=Windows_NT
PROCESSOR_IDENTIFIER=Intel64 Family 6 Model 170 Stepping 4, GenuineIntel
TMP=C:\Users\6thet\AppData\Local\Temp
TEMP=C:\Users\6thet\AppData\Local\Temp




Periodic native trim disabled

---------------  S Y S T E M  ---------------

OS:
 Windows 11 , 64 bit Build 26100 (10.0.26100.6725)
OS uptime: 14 days 4:39 hours

CPU: total 22 (initial active 22) (11 cores per cpu, 2 threads per core) family 6 model 170 stepping 4 microcode 0x1c, cx8, cmov, fxsr, ht, mmx, 3dnowpref, sse, sse2, sse3, ssse3, sse4.1, sse4.2, popcnt, lzcnt, tsc, tscinvbit, avx, avx2, aes, erms, clmul, bmi1, bmi2, adx, sha, fma, vzeroupper, clflush, clflushopt, clwb, serialize, rdtscp, rdpid, fsrm, f16c, pku, cet_ibt, cet_ss
Processor Information for processor 0
  Max Mhz: 1400, Current Mhz: 1400, Mhz Limit: 1400
Processor Information for processor 1
  Max Mhz: 1400, Current Mhz: 1400, Mhz Limit: 1400
Processor Information for processor 2
  Max Mhz: 3800, Current Mhz: 900, Mhz Limit: 874
Processor Information for processor 3
  Max Mhz: 3800, Current Mhz: 900, Mhz Limit: 874
Processor Information for processor 4
  Max Mhz: 3800, Current Mhz: 900, Mhz Limit: 874
Processor Information for processor 5
  Max Mhz: 3800, Current Mhz: 900, Mhz Limit: 874
Processor Information for processor 6
  Max Mhz: 3800, Current Mhz: 900, Mhz Limit: 874
Processor Information for processor 7
  Max Mhz: 3800, Current Mhz: 900, Mhz Limit: 874
Processor Information for processor 8
  Max Mhz: 3800, Current Mhz: 900, Mhz Limit: 874
Processor Information for processor 9
  Max Mhz: 3800, Current Mhz: 900, Mhz Limit: 874
Processor Information for processor 10
  Max Mhz: 1400, Current Mhz: 1400, Mhz Limit: 1400
Processor Information for processor 11
  Max Mhz: 1400, Current Mhz: 1400, Mhz Limit: 1400
Processor Information for processor 12
  Max Mhz: 1400, Current Mhz: 1400, Mhz Limit: 1400
Processor Information for processor 13
  Max Mhz: 1400, Current Mhz: 1400, Mhz Limit: 1400
Processor Information for processor 14
  Max Mhz: 1400, Current Mhz: 1400, Mhz Limit: 1400
Processor Information for processor 15
  Max Mhz: 1400, Current Mhz: 1400, Mhz Limit: 1400
Processor Information for processor 16
  Max Mhz: 1400, Current Mhz: 1400, Mhz Limit: 1400
Processor Information for processor 17
  Max Mhz: 1400, Current Mhz: 1400, Mhz Limit: 1400
Processor Information for processor 18
  Max Mhz: 1400, Current Mhz: 1400, Mhz Limit: 1400
Processor Information for processor 19
  Max Mhz: 1400, Current Mhz: 1400, Mhz Limit: 1400
Processor Information for processor 20
  Max Mhz: 2500, Current Mhz: 700, Mhz Limit: 700
Processor Information for processor 21
  Max Mhz: 2500, Current Mhz: 700, Mhz Limit: 700

Memory: 4k page, system-wide physical 32126M (11370M free)
TotalPageFile size 130430M (AvailPageFile size 148M)
current process WorkingSet (physical memory assigned to process): 13M, peak: 13M
current process commit charge ("private bytes"): 77M, peak: 581M

vm_info: Java HotSpot(TM) 64-Bit Server VM (21.0.7+8-LTS-245) for windows-amd64 JRE (21.0.7+8-LTS-245), built on 2025-02-21T05:11:27Z by "mach5one" with MS VC++ 17.6 (VS2022)

END.
